build/app/intermediates/manifest_merge_blame_file/debug/manifest-merger-blame-debug-report.txt
1<?xml version="1.0" encoding="utf-8"?>
2<manifest xmlns:android="http://schemas.android.com/apk/res/android"
3    package="com.example.testsetuo"
4    android:versionCode="1"
5    android:versionName="0.1.0" >
6
7    <uses-sdk
8        android:minSdkVersion="21"
9        android:targetSdkVersion="34" />
10    <!--
11         The INTERNET permission is required for development. Specifically,
12         the Flutter tool needs it to communicate with the running application
13         to allow setting breakpoints, to provide hot reload, etc.
14    -->
15    <uses-permission android:name="android.permission.INTERNET" />
15-->src\debug\AndroidManifest.xml:6:5-66
15-->src\debug\AndroidManifest.xml:6:22-64
16    <!--
17     Required to query activities that can process text, see:
18         https://developer.android.com/training/package-visibility and
19         https://developer.android.com/reference/android/content/Intent#ACTION_PROCESS_TEXT.
20
21         In particular, this is used by the Flutter engine in io.flutter.plugin.text.ProcessTextPlugin.
22    -->
23    <queries>
23-->src\main\AndroidManifest.xml:39:5-44:15
24        <intent>
24-->src\main\AndroidManifest.xml:40:9-43:18
25            <action android:name="android.intent.action.PROCESS_TEXT" />
25-->src\main\AndroidManifest.xml:41:13-72
25-->src\main\AndroidManifest.xml:41:21-70
26
27            <data android:mimeType="text/plain" />
27-->src\main\AndroidManifest.xml:42:13-50
27-->src\main\AndroidManifest.xml:42:19-48
28        </intent>
29
30        <package android:name="com.facebook.katana" />
30-->[com.facebook.android:facebook-common:17.0.0] AndroidManifest.xml:18:9-55
30-->[com.facebook.android:facebook-common:17.0.0] AndroidManifest.xml:18:18-52
31    </queries>
32
33    <uses-permission android:name="com.google.android.gms.permission.AD_ID" />
33-->[com.facebook.android:facebook-core:17.0.0] AndroidManifest.xml:16:5-79
33-->[com.facebook.android:facebook-core:17.0.0] AndroidManifest.xml:16:22-76
34    <uses-permission android:name="com.google.android.finsky.permission.BIND_GET_INSTALL_REFERRER_SERVICE" />
34-->[com.android.installreferrer:installreferrer:1.0] AndroidManifest.xml:9:5-110
34-->[com.android.installreferrer:installreferrer:1.0] AndroidManifest.xml:9:22-107
35
36    <application
37        android:name="android.app.Application"
38        android:appComponentFactory="androidx.core.app.CoreComponentFactory"
38-->[androidx.core:core:1.6.0] AndroidManifest.xml:24:18-86
39        android:debuggable="true"
40        android:icon="@mipmap/ic_launcher"
41        android:label="testsetuo"
42        android:supportsRtl="true" >
42-->[com.facebook.android:facebook-login:17.0.0] AndroidManifest.xml:16:18-44
43        <activity
44            android:name="com.example.testsetuo.MainActivity"
45            android:configChanges="orientation|keyboardHidden|keyboard|screenSize|smallestScreenSize|locale|layoutDirection|fontScale|screenLayout|density|uiMode"
46            android:exported="true"
47            android:hardwareAccelerated="true"
48            android:launchMode="singleTop"
49            android:taskAffinity=""
50            android:theme="@style/LaunchTheme"
51            android:windowSoftInputMode="adjustResize" >
52
53            <!--
54                 Specifies an Android theme to apply to this Activity as soon as
55                 the Android process has started. This theme is visible to the user
56                 while the Flutter UI initializes. After that, this theme continues
57                 to determine the Window background behind the Flutter UI.
58            -->
59            <meta-data
60                android:name="io.flutter.embedding.android.NormalTheme"
61                android:resource="@style/NormalTheme" />
62
63            <intent-filter>
64                <action android:name="android.intent.action.MAIN" />
65
66                <category android:name="android.intent.category.LAUNCHER" />
67            </intent-filter>
68        </activity>
69        <!--
70             Don't delete the meta-data below.
71             This is used by the Flutter tool to generate GeneratedPluginRegistrant.java
72        -->
73        <meta-data
74            android:name="flutterEmbedding"
75            android:value="2" />
76
77        <uses-library
77-->[androidx.window:window:1.0.0-beta04] AndroidManifest.xml:25:9-27:40
78            android:name="androidx.window.extensions"
78-->[androidx.window:window:1.0.0-beta04] AndroidManifest.xml:26:13-54
79            android:required="false" />
79-->[androidx.window:window:1.0.0-beta04] AndroidManifest.xml:27:13-37
80        <uses-library
80-->[androidx.window:window:1.0.0-beta04] AndroidManifest.xml:28:9-30:40
81            android:name="androidx.window.sidecar"
81-->[androidx.window:window:1.0.0-beta04] AndroidManifest.xml:29:13-51
82            android:required="false" />
82-->[androidx.window:window:1.0.0-beta04] AndroidManifest.xml:30:13-37
83
84        <activity
84-->[com.facebook.android:facebook-common:17.0.0] AndroidManifest.xml:22:9-25:66
85            android:name="com.facebook.FacebookActivity"
85-->[com.facebook.android:facebook-common:17.0.0] AndroidManifest.xml:23:13-57
86            android:configChanges="keyboard|keyboardHidden|screenLayout|screenSize|orientation"
86-->[com.facebook.android:facebook-common:17.0.0] AndroidManifest.xml:24:13-96
87            android:theme="@style/com_facebook_activity_theme" />
87-->[com.facebook.android:facebook-common:17.0.0] AndroidManifest.xml:25:13-63
88        <activity android:name="com.facebook.CustomTabMainActivity" />
88-->[com.facebook.android:facebook-common:17.0.0] AndroidManifest.xml:26:9-71
88-->[com.facebook.android:facebook-common:17.0.0] AndroidManifest.xml:26:19-68
89        <activity
89-->[com.facebook.android:facebook-common:17.0.0] AndroidManifest.xml:27:9-41:20
90            android:name="com.facebook.CustomTabActivity"
90-->[com.facebook.android:facebook-common:17.0.0] AndroidManifest.xml:28:13-58
91            android:exported="true" >
91-->[com.facebook.android:facebook-common:17.0.0] AndroidManifest.xml:29:13-36
92            <intent-filter>
92-->[com.facebook.android:facebook-common:17.0.0] AndroidManifest.xml:31:13-40:29
93                <action android:name="android.intent.action.VIEW" />
93-->[com.facebook.android:facebook-common:17.0.0] AndroidManifest.xml:32:17-69
93-->[com.facebook.android:facebook-common:17.0.0] AndroidManifest.xml:32:25-66
94
95                <category android:name="android.intent.category.DEFAULT" />
95-->[com.facebook.android:facebook-common:17.0.0] AndroidManifest.xml:34:17-76
95-->[com.facebook.android:facebook-common:17.0.0] AndroidManifest.xml:34:27-73
96                <category android:name="android.intent.category.BROWSABLE" />
96-->[com.facebook.android:facebook-common:17.0.0] AndroidManifest.xml:35:17-78
96-->[com.facebook.android:facebook-common:17.0.0] AndroidManifest.xml:35:27-75
97
98                <data
98-->src\main\AndroidManifest.xml:42:13-50
99                    android:host="cct.com.example.testsetuo"
100                    android:scheme="fbconnect" />
101            </intent-filter>
102        </activity>
103        <!--
104         The initialization ContentProvider will call FacebookSdk.sdkInitialize automatically
105         with the application context. This config is merged in with the host app's manifest,
106         but there can only be one provider with the same authority activated at any given
107         point; so if the end user has two or more different apps that use Facebook SDK, only the
108         first one will be able to use the provider. To work around this problem, we use the
109         following placeholder in the authority to identify each host application as if it was
110         a completely different provider.
111        -->
112        <provider
112-->[com.facebook.android:facebook-core:17.0.0] AndroidManifest.xml:29:9-32:40
113            android:name="com.facebook.internal.FacebookInitProvider"
113-->[com.facebook.android:facebook-core:17.0.0] AndroidManifest.xml:30:13-70
114            android:authorities="com.example.testsetuo.FacebookInitProvider"
114-->[com.facebook.android:facebook-core:17.0.0] AndroidManifest.xml:31:13-72
115            android:exported="false" />
115-->[com.facebook.android:facebook-core:17.0.0] AndroidManifest.xml:32:13-37
116
117        <receiver
117-->[com.facebook.android:facebook-core:17.0.0] AndroidManifest.xml:34:9-40:20
118            android:name="com.facebook.CurrentAccessTokenExpirationBroadcastReceiver"
118-->[com.facebook.android:facebook-core:17.0.0] AndroidManifest.xml:35:13-86
119            android:exported="false" >
119-->[com.facebook.android:facebook-core:17.0.0] AndroidManifest.xml:36:13-37
120            <intent-filter>
120-->[com.facebook.android:facebook-core:17.0.0] AndroidManifest.xml:37:13-39:29
121                <action android:name="com.facebook.sdk.ACTION_CURRENT_ACCESS_TOKEN_CHANGED" />
121-->[com.facebook.android:facebook-core:17.0.0] AndroidManifest.xml:38:17-95
121-->[com.facebook.android:facebook-core:17.0.0] AndroidManifest.xml:38:25-92
122            </intent-filter>
123        </receiver>
124        <receiver
124-->[com.facebook.android:facebook-core:17.0.0] AndroidManifest.xml:41:9-47:20
125            android:name="com.facebook.AuthenticationTokenManager$CurrentAuthenticationTokenChangedBroadcastReceiver"
125-->[com.facebook.android:facebook-core:17.0.0] AndroidManifest.xml:42:13-118
126            android:exported="false" >
126-->[com.facebook.android:facebook-core:17.0.0] AndroidManifest.xml:43:13-37
127            <intent-filter>
127-->[com.facebook.android:facebook-core:17.0.0] AndroidManifest.xml:44:13-46:29
128                <action android:name="com.facebook.sdk.ACTION_CURRENT_AUTHENTICATION_TOKEN_CHANGED" />
128-->[com.facebook.android:facebook-core:17.0.0] AndroidManifest.xml:45:17-103
128-->[com.facebook.android:facebook-core:17.0.0] AndroidManifest.xml:45:25-100
129            </intent-filter>
130        </receiver>
131    </application>
132
133</manifest>